<?xml version="1.0" encoding="utf-8"?><testsuites><testsuite name="pytest" errors="0" failures="0" skipped="0" tests="3" time="1.582" timestamp="2025-02-27T17:38:05.978800-05:00" hostname="Angelines-MacBook-Pro.local"><testcase classname="test_lambda_function_moto" name="test_s3_integration" time="0.274" /><testcase classname="test_lambda_function_moto" name="test_dynamodb_integration" time="0.374" /><testcase classname="test_lambda_function_moto" name="test_full_aws_integration" time="0.216" /></testsuite></testsuites>