<?xml version="1.0" encoding="utf-8"?><testsuites><testsuite name="pytest" errors="0" failures="0" skipped="0" tests="6" time="0.591" timestamp="2025-02-27T17:37:40.721883-05:00" hostname="Angelines-MacBook-Pro.local"><testcase classname="test_lambda_function" name="test_get_warp_details" time="0.001" /><testcase classname="test_lambda_function" name="test_preprocess" time="0.000" /><testcase classname="test_lambda_function" name="test_postprocess" time="0.001" /><testcase classname="test_lambda_function" name="test_lambda_handler_with_sagemaker" time="0.002" /><testcase classname="test_lambda_function" name="test_lambda_handler_missing_endpoint" time="0.001" /><testcase classname="test_lambda_function" name="test_lambda_handler_error" time="0.001" /></testsuite></testsuites>